2023-04-14T01:08:28.165+0800	ERROR	middlewares/logger.go:74	[Recovery from panic]	{"error": "assignment to entry in nil map", "request": "GET /v1/topic?id=1 HTTP/1.1\r\nHost: 127.0.0.1:8081\r\nAccept: */*\r\nAccept-Encoding: gzip, deflate, br\r\nConnection: keep-alive\r\nToken: eyJhbGciOiJIUzI1NiIsInR5cCI6IkpXVCJ9.eyJJRCI6MiwiVGVsIjoiMTU2ODEzMTE5NzEiLCJBdXRob3JpdHlJZCI6MCwiZXhwIjoxNjgzNTMyMDIxLCJpc3MiOiJ0ZXN0IiwibmJmIjoxNjgwOTQwMDIxfQ.v-0AYCK6QgQ6FMmt0CGh_ZngiHDrt_hjuAXbr3LFEtA\r\nUser-Agent: apifox/1.0.0 (https://www.apifox.cn)\r\n\r\n", "stack": "goroutine 23 [running]:\nruntime/debug.Stack()\n\t/opt/homebrew/opt/go/libexec/src/runtime/debug/stack.go:24 +0x64\ngoGinTem/middlewares.GinRecovery.func1.1()\n\t/Users/shelby/development/go/go_gin_tem/middlewares/logger.go:77 +0x25c\npanic({0x101ae2920, 0x101b8d648})\n\t/opt/homebrew/opt/go/libexec/src/runtime/panic.go:884 +0x1f4\ngoGinTem/controller.GetTopic(0x14000462700?)\n\t/Users/shelby/development/go/go_gin_tem/controller/topic.go:101 +0x15c\ngithub.com/gin-gonic/gin.(*Context).Next(...)\n\t/Users/shelby/goWorkEnv/pkg/mod/github.com/gin-gonic/gin@v1.9.0/context.go:174\ngoGinTem/middlewares.JWTAuth.func1(0x14000462700)\n\t/Users/shelby/development/go/go_gin_tem/middlewares/jwt.go:53 +0x26c\ngithub.com/gin-gonic/gin.(*Context).Next(...)\n\t/Users/shelby/goWorkEnv/pkg/mod/github.com/gin-gonic/gin@v1.9.0/context.go:174\ngoGinTem/middlewares.GinRecovery.func1(0x14000462700)\n\t/Users/shelby/development/go/go_gin_tem/middlewares/logger.go:88 +0x74\ngithub.com/gin-gonic/gin.(*Context).Next(...)\n\t/Users/shelby/goWorkEnv/pkg/mod/github.com/gin-gonic/gin@v1.9.0/context.go:174\ngoGinTem/middlewares.GinLogger.func1(0x14000462700)\n\t/Users/shelby/development/go/go_gin_tem/middlewares/logger.go:25 +0x84\ngithub.com/gin-gonic/gin.(*Context).Next(...)\n\t/Users/shelby/goWorkEnv/pkg/mod/github.com/gin-gonic/gin@v1.9.0/context.go:174\ngithub.com/gin-gonic/gin.CustomRecoveryWithWriter.func1(0x14000462700)\n\t/Users/shelby/goWorkEnv/pkg/mod/github.com/gin-gonic/gin@v1.9.0/recovery.go:102 +0x7c\ngithub.com/gin-gonic/gin.(*Context).Next(...)\n\t/Users/shelby/goWorkEnv/pkg/mod/github.com/gin-gonic/gin@v1.9.0/context.go:174\ngithub.com/gin-gonic/gin.LoggerWithConfig.func1(0x14000462700)\n\t/Users/shelby/goWorkEnv/pkg/mod/github.com/gin-gonic/gin@v1.9.0/logger.go:240 +0xac\ngithub.com/gin-gonic/gin.(*Context).Next(...)\n\t/Users/shelby/goWorkEnv/pkg/mod/github.com/gin-gonic/gin@v1.9.0/context.go:174\ngithub.com/gin-gonic/gin.(*Engine).handleHTTPRequest(0x14000406b60, 0x14000462700)\n\t/Users/shelby/goWorkEnv/pkg/mod/github.com/gin-gonic/gin@v1.9.0/gin.go:620 +0x51c\ngithub.com/gin-gonic/gin.(*Engine).ServeHTTP(0x14000406b60, {0x101b92e30?, 0x1400010e2a0}, 0x14000462600)\n\t/Users/shelby/goWorkEnv/pkg/mod/github.com/gin-gonic/gin@v1.9.0/gin.go:576 +0x1e4\nnet/http.serverHandler.ServeHTTP({0x140003067e0?}, {0x101b92e30, 0x1400010e2a0}, 0x14000462600)\n\t/opt/homebrew/opt/go/libexec/src/net/http/server.go:2936 +0x2c0\nnet/http.(*conn).serve(0x1400027db00, {0x101b93808, 0x140003066f0})\n\t/opt/homebrew/opt/go/libexec/src/net/http/server.go:1995 +0x518\ncreated by net/http.(*Server).Serve\n\t/opt/homebrew/opt/go/libexec/src/net/http/server.go:3089 +0x4e8\n"}
goGinTem/middlewares.GinRecovery.func1.1
	/Users/shelby/development/go/go_gin_tem/middlewares/logger.go:74
runtime.gopanic
	/opt/homebrew/opt/go/libexec/src/runtime/panic.go:884
runtime.mapassign_faststr
	/opt/homebrew/opt/go/libexec/src/runtime/map_faststr.go:205
goGinTem/controller.GetTopic
	/Users/shelby/development/go/go_gin_tem/controller/topic.go:101
github.com/gin-gonic/gin.(*Context).Next
	/Users/shelby/goWorkEnv/pkg/mod/github.com/gin-gonic/gin@v1.9.0/context.go:174
goGinTem/middlewares.JWTAuth.func1
	/Users/shelby/development/go/go_gin_tem/middlewares/jwt.go:53
github.com/gin-gonic/gin.(*Context).Next
	/Users/shelby/goWorkEnv/pkg/mod/github.com/gin-gonic/gin@v1.9.0/context.go:174
goGinTem/middlewares.GinRecovery.func1
	/Users/shelby/development/go/go_gin_tem/middlewares/logger.go:88
github.com/gin-gonic/gin.(*Context).Next
	/Users/shelby/goWorkEnv/pkg/mod/github.com/gin-gonic/gin@v1.9.0/context.go:174
goGinTem/middlewares.GinLogger.func1
	/Users/shelby/development/go/go_gin_tem/middlewares/logger.go:25
github.com/gin-gonic/gin.(*Context).Next
	/Users/shelby/goWorkEnv/pkg/mod/github.com/gin-gonic/gin@v1.9.0/context.go:174
github.com/gin-gonic/gin.CustomRecoveryWithWriter.func1
	/Users/shelby/goWorkEnv/pkg/mod/github.com/gin-gonic/gin@v1.9.0/recovery.go:102
github.com/gin-gonic/gin.(*Context).Next
	/Users/shelby/goWorkEnv/pkg/mod/github.com/gin-gonic/gin@v1.9.0/context.go:174
github.com/gin-gonic/gin.LoggerWithConfig.func1
	/Users/shelby/goWorkEnv/pkg/mod/github.com/gin-gonic/gin@v1.9.0/logger.go:240
github.com/gin-gonic/gin.(*Context).Next
	/Users/shelby/goWorkEnv/pkg/mod/github.com/gin-gonic/gin@v1.9.0/context.go:174
github.com/gin-gonic/gin.(*Engine).handleHTTPRequest
	/Users/shelby/goWorkEnv/pkg/mod/github.com/gin-gonic/gin@v1.9.0/gin.go:620
github.com/gin-gonic/gin.(*Engine).ServeHTTP
	/Users/shelby/goWorkEnv/pkg/mod/github.com/gin-gonic/gin@v1.9.0/gin.go:576
net/http.serverHandler.ServeHTTP
	/opt/homebrew/opt/go/libexec/src/net/http/server.go:2936
net/http.(*conn).serve
	/opt/homebrew/opt/go/libexec/src/net/http/server.go:1995
2023-04-14T01:08:28.166+0800	INFO	middlewares/logger.go:31	/v1/topic	{"statusxixixixi": 500, "method": "GET", "path": "/v1/topic", "query": "id=1", "ip": "127.0.0.1", "user-agent": "apifox/1.0.0 (https://www.apifox.cn)", "errors": "", "cost": "2.839625ms"}
