2023-04-06T00:11:24.463+0800	ERROR	middlewares/logger.go:74	[Recovery from panic]	{"error": "parsing time \"00:17:37\" as \"2006-01-02T15:04:05Z07:00\": cannot parse \"00:17:37\" as \"2006\"", "request": "POST /v1/user/updateUserInfo HTTP/1.1\r\nHost: 127.0.0.1:8080\r\nAccept: */*\r\nAccept-Encoding: gzip, deflate, br\r\nConnection: keep-alive\r\nContent-Length: 184\r\nContent-Type: application/json\r\nToken: eyJhbGciOiJIUzI1NiIsInR5cCI6IkpXVCJ9.eyJJRCI6MiwiVGVsIjoiMTU2ODEzMTE5NzEiLCJBdXRob3JpdHlJZCI6MCwiZXhwIjoxNjgzMzAwNDk0LCJpc3MiOiJ0ZXN0IiwibmJmIjoxNjgwNzA4NDk0fQ.ncYmDiTB_G2KtPwoZngdwvlZc3TLSXT9g6mBZSyM60U\r\nUser-Agent: apifox/1.0.0 (https://www.apifox.cn)\r\n\r\n", "stack": "goroutine 50 [running]:\nruntime/debug.Stack()\n\t/opt/homebrew/opt/go/libexec/src/runtime/debug/stack.go:24 +0x64\ngoGinTem/middlewares.GinRecovery.func1.1()\n\t/Users/shelby/development/go/go_gin_tem/middlewares/logger.go:77 +0x25c\npanic({0x105748720, 0x1400049e1e0})\n\t/opt/homebrew/opt/go/libexec/src/runtime/panic.go:884 +0x1f4\ngoGinTem/controller.UpdateUserInfo(0x14000446300)\n\t/Users/shelby/development/go/go_gin_tem/controller/user.go:107 +0x104\ngithub.com/gin-gonic/gin.(*Context).Next(...)\n\t/Users/shelby/goWorkEnv/pkg/mod/github.com/gin-gonic/gin@v1.9.0/context.go:174\ngoGinTem/middlewares.JWTAuth.func1(0x14000446300)\n\t/Users/shelby/development/go/go_gin_tem/middlewares/jwt.go:53 +0x26c\ngithub.com/gin-gonic/gin.(*Context).Next(...)\n\t/Users/shelby/goWorkEnv/pkg/mod/github.com/gin-gonic/gin@v1.9.0/context.go:174\ngoGinTem/middlewares.GinRecovery.func1(0x14000446300)\n\t/Users/shelby/development/go/go_gin_tem/middlewares/logger.go:88 +0x74\ngithub.com/gin-gonic/gin.(*Context).Next(...)\n\t/Users/shelby/goWorkEnv/pkg/mod/github.com/gin-gonic/gin@v1.9.0/context.go:174\ngoGinTem/middlewares.GinLogger.func1(0x14000446300)\n\t/Users/shelby/development/go/go_gin_tem/middlewares/logger.go:25 +0x84\ngithub.com/gin-gonic/gin.(*Context).Next(...)\n\t/Users/shelby/goWorkEnv/pkg/mod/github.com/gin-gonic/gin@v1.9.0/context.go:174\ngithub.com/gin-gonic/gin.CustomRecoveryWithWriter.func1(0x14000446300)\n\t/Users/shelby/goWorkEnv/pkg/mod/github.com/gin-gonic/gin@v1.9.0/recovery.go:102 +0x7c\ngithub.com/gin-gonic/gin.(*Context).Next(...)\n\t/Users/shelby/goWorkEnv/pkg/mod/github.com/gin-gonic/gin@v1.9.0/context.go:174\ngithub.com/gin-gonic/gin.LoggerWithConfig.func1(0x14000446300)\n\t/Users/shelby/goWorkEnv/pkg/mod/github.com/gin-gonic/gin@v1.9.0/logger.go:240 +0xac\ngithub.com/gin-gonic/gin.(*Context).Next(...)\n\t/Users/shelby/goWorkEnv/pkg/mod/github.com/gin-gonic/gin@v1.9.0/context.go:174\ngithub.com/gin-gonic/gin.(*Engine).handleHTTPRequest(0x1400043a680, 0x14000446300)\n\t/Users/shelby/goWorkEnv/pkg/mod/github.com/gin-gonic/gin@v1.9.0/gin.go:620 +0x51c\ngithub.com/gin-gonic/gin.(*Engine).ServeHTTP(0x1400043a680, {0x105805590?, 0x1400010c1c0}, 0x14000446100)\n\t/Users/shelby/goWorkEnv/pkg/mod/github.com/gin-gonic/gin@v1.9.0/gin.go:576 +0x1e4\nnet/http.serverHandler.ServeHTTP({0x105803a28?}, {0x105805590, 0x1400010c1c0}, 0x14000446100)\n\t/opt/homebrew/opt/go/libexec/src/net/http/server.go:2936 +0x2c0\nnet/http.(*conn).serve(0x14000520090, {0x105805ed8, 0x14000160060})\n\t/opt/homebrew/opt/go/libexec/src/net/http/server.go:1995 +0x518\ncreated by net/http.(*Server).Serve\n\t/opt/homebrew/opt/go/libexec/src/net/http/server.go:3089 +0x4e8\n"}
goGinTem/middlewares.GinRecovery.func1.1
	/Users/shelby/development/go/go_gin_tem/middlewares/logger.go:74
runtime.gopanic
	/opt/homebrew/opt/go/libexec/src/runtime/panic.go:884
goGinTem/controller.UpdateUserInfo
	/Users/shelby/development/go/go_gin_tem/controller/user.go:107
github.com/gin-gonic/gin.(*Context).Next
	/Users/shelby/goWorkEnv/pkg/mod/github.com/gin-gonic/gin@v1.9.0/context.go:174
goGinTem/middlewares.JWTAuth.func1
	/Users/shelby/development/go/go_gin_tem/middlewares/jwt.go:53
github.com/gin-gonic/gin.(*Context).Next
	/Users/shelby/goWorkEnv/pkg/mod/github.com/gin-gonic/gin@v1.9.0/context.go:174
goGinTem/middlewares.GinRecovery.func1
	/Users/shelby/development/go/go_gin_tem/middlewares/logger.go:88
github.com/gin-gonic/gin.(*Context).Next
	/Users/shelby/goWorkEnv/pkg/mod/github.com/gin-gonic/gin@v1.9.0/context.go:174
goGinTem/middlewares.GinLogger.func1
	/Users/shelby/development/go/go_gin_tem/middlewares/logger.go:25
github.com/gin-gonic/gin.(*Context).Next
	/Users/shelby/goWorkEnv/pkg/mod/github.com/gin-gonic/gin@v1.9.0/context.go:174
github.com/gin-gonic/gin.CustomRecoveryWithWriter.func1
	/Users/shelby/goWorkEnv/pkg/mod/github.com/gin-gonic/gin@v1.9.0/recovery.go:102
github.com/gin-gonic/gin.(*Context).Next
	/Users/shelby/goWorkEnv/pkg/mod/github.com/gin-gonic/gin@v1.9.0/context.go:174
github.com/gin-gonic/gin.LoggerWithConfig.func1
	/Users/shelby/goWorkEnv/pkg/mod/github.com/gin-gonic/gin@v1.9.0/logger.go:240
github.com/gin-gonic/gin.(*Context).Next
	/Users/shelby/goWorkEnv/pkg/mod/github.com/gin-gonic/gin@v1.9.0/context.go:174
github.com/gin-gonic/gin.(*Engine).handleHTTPRequest
	/Users/shelby/goWorkEnv/pkg/mod/github.com/gin-gonic/gin@v1.9.0/gin.go:620
github.com/gin-gonic/gin.(*Engine).ServeHTTP
	/Users/shelby/goWorkEnv/pkg/mod/github.com/gin-gonic/gin@v1.9.0/gin.go:576
net/http.serverHandler.ServeHTTP
	/opt/homebrew/opt/go/libexec/src/net/http/server.go:2936
net/http.(*conn).serve
	/opt/homebrew/opt/go/libexec/src/net/http/server.go:1995
2023-04-06T00:11:24.466+0800	INFO	middlewares/logger.go:31	/v1/user/updateUserInfo	{"statusxixixixi": 500, "method": "POST", "path": "/v1/user/updateUserInfo", "query": "", "ip": "127.0.0.1", "user-agent": "apifox/1.0.0 (https://www.apifox.cn)", "errors": "", "cost": "4.707334ms"}
2023-04-06T00:11:54.252+0800	ERROR	middlewares/logger.go:74	[Recovery from panic]	{"error": "parsing time \"00:17:37\" as \"2006-01-02T15:04:05Z07:00\": cannot parse \"00:17:37\" as \"2006\"", "request": "POST /v1/user/updateUserInfo HTTP/1.1\r\nHost: 127.0.0.1:8080\r\nAccept: */*\r\nAccept-Encoding: gzip, deflate, br\r\nConnection: keep-alive\r\nContent-Length: 184\r\nContent-Type: application/json\r\nToken: eyJhbGciOiJIUzI1NiIsInR5cCI6IkpXVCJ9.eyJJRCI6MiwiVGVsIjoiMTU2ODEzMTE5NzEiLCJBdXRob3JpdHlJZCI6MCwiZXhwIjoxNjgzMzAwNDk0LCJpc3MiOiJ0ZXN0IiwibmJmIjoxNjgwNzA4NDk0fQ.ncYmDiTB_G2KtPwoZngdwvlZc3TLSXT9g6mBZSyM60U\r\nUser-Agent: apifox/1.0.0 (https://www.apifox.cn)\r\n\r\n", "stack": "goroutine 22 [running]:\nruntime/debug.Stack()\n\t/opt/homebrew/opt/go/libexec/src/runtime/debug/stack.go:24 +0x64\ngoGinTem/middlewares.GinRecovery.func1.1()\n\t/Users/shelby/development/go/go_gin_tem/middlewares/logger.go:77 +0x25c\npanic({0x1014e8720, 0x140000c2b40})\n\t/opt/homebrew/opt/go/libexec/src/runtime/panic.go:884 +0x1f4\ngoGinTem/controller.UpdateUserInfo(0x1400047c200)\n\t/Users/shelby/development/go/go_gin_tem/controller/user.go:107 +0x104\ngithub.com/gin-gonic/gin.(*Context).Next(...)\n\t/Users/shelby/goWorkEnv/pkg/mod/github.com/gin-gonic/gin@v1.9.0/context.go:174\ngoGinTem/middlewares.JWTAuth.func1(0x1400047c200)\n\t/Users/shelby/development/go/go_gin_tem/middlewares/jwt.go:53 +0x26c\ngithub.com/gin-gonic/gin.(*Context).Next(...)\n\t/Users/shelby/goWorkEnv/pkg/mod/github.com/gin-gonic/gin@v1.9.0/context.go:174\ngoGinTem/middlewares.GinRecovery.func1(0x1400047c200)\n\t/Users/shelby/development/go/go_gin_tem/middlewares/logger.go:88 +0x74\ngithub.com/gin-gonic/gin.(*Context).Next(...)\n\t/Users/shelby/goWorkEnv/pkg/mod/github.com/gin-gonic/gin@v1.9.0/context.go:174\ngoGinTem/middlewares.GinLogger.func1(0x1400047c200)\n\t/Users/shelby/development/go/go_gin_tem/middlewares/logger.go:25 +0x84\ngithub.com/gin-gonic/gin.(*Context).Next(...)\n\t/Users/shelby/goWorkEnv/pkg/mod/github.com/gin-gonic/gin@v1.9.0/context.go:174\ngithub.com/gin-gonic/gin.CustomRecoveryWithWriter.func1(0x1400047c200)\n\t/Users/shelby/goWorkEnv/pkg/mod/github.com/gin-gonic/gin@v1.9.0/recovery.go:102 +0x7c\ngithub.com/gin-gonic/gin.(*Context).Next(...)\n\t/Users/shelby/goWorkEnv/pkg/mod/github.com/gin-gonic/gin@v1.9.0/context.go:174\ngithub.com/gin-gonic/gin.LoggerWithConfig.func1(0x1400047c200)\n\t/Users/shelby/goWorkEnv/pkg/mod/github.com/gin-gonic/gin@v1.9.0/logger.go:240 +0xac\ngithub.com/gin-gonic/gin.(*Context).Next(...)\n\t/Users/shelby/goWorkEnv/pkg/mod/github.com/gin-gonic/gin@v1.9.0/context.go:174\ngithub.com/gin-gonic/gin.(*Engine).handleHTTPRequest(0x1400043a9c0, 0x1400047c200)\n\t/Users/shelby/goWorkEnv/pkg/mod/github.com/gin-gonic/gin@v1.9.0/gin.go:620 +0x51c\ngithub.com/gin-gonic/gin.(*Engine).ServeHTTP(0x1400043a9c0, {0x1015a5590?, 0x1400010c1c0}, 0x1400047c000)\n\t/Users/shelby/goWorkEnv/pkg/mod/github.com/gin-gonic/gin@v1.9.0/gin.go:576 +0x1e4\nnet/http.serverHandler.ServeHTTP({0x1015a3a28?}, {0x1015a5590, 0x1400010c1c0}, 0x1400047c000)\n\t/opt/homebrew/opt/go/libexec/src/net/http/server.go:2936 +0x2c0\nnet/http.(*conn).serve(0x1400045a090, {0x1015a5ed8, 0x1400019dd40})\n\t/opt/homebrew/opt/go/libexec/src/net/http/server.go:1995 +0x518\ncreated by net/http.(*Server).Serve\n\t/opt/homebrew/opt/go/libexec/src/net/http/server.go:3089 +0x4e8\n"}
goGinTem/middlewares.GinRecovery.func1.1
	/Users/shelby/development/go/go_gin_tem/middlewares/logger.go:74
runtime.gopanic
	/opt/homebrew/opt/go/libexec/src/runtime/panic.go:884
goGinTem/controller.UpdateUserInfo
	/Users/shelby/development/go/go_gin_tem/controller/user.go:107
github.com/gin-gonic/gin.(*Context).Next
	/Users/shelby/goWorkEnv/pkg/mod/github.com/gin-gonic/gin@v1.9.0/context.go:174
goGinTem/middlewares.JWTAuth.func1
	/Users/shelby/development/go/go_gin_tem/middlewares/jwt.go:53
github.com/gin-gonic/gin.(*Context).Next
	/Users/shelby/goWorkEnv/pkg/mod/github.com/gin-gonic/gin@v1.9.0/context.go:174
goGinTem/middlewares.GinRecovery.func1
	/Users/shelby/development/go/go_gin_tem/middlewares/logger.go:88
github.com/gin-gonic/gin.(*Context).Next
	/Users/shelby/goWorkEnv/pkg/mod/github.com/gin-gonic/gin@v1.9.0/context.go:174
goGinTem/middlewares.GinLogger.func1
	/Users/shelby/development/go/go_gin_tem/middlewares/logger.go:25
github.com/gin-gonic/gin.(*Context).Next
	/Users/shelby/goWorkEnv/pkg/mod/github.com/gin-gonic/gin@v1.9.0/context.go:174
github.com/gin-gonic/gin.CustomRecoveryWithWriter.func1
	/Users/shelby/goWorkEnv/pkg/mod/github.com/gin-gonic/gin@v1.9.0/recovery.go:102
github.com/gin-gonic/gin.(*Context).Next
	/Users/shelby/goWorkEnv/pkg/mod/github.com/gin-gonic/gin@v1.9.0/context.go:174
github.com/gin-gonic/gin.LoggerWithConfig.func1
	/Users/shelby/goWorkEnv/pkg/mod/github.com/gin-gonic/gin@v1.9.0/logger.go:240
github.com/gin-gonic/gin.(*Context).Next
	/Users/shelby/goWorkEnv/pkg/mod/github.com/gin-gonic/gin@v1.9.0/context.go:174
github.com/gin-gonic/gin.(*Engine).handleHTTPRequest
	/Users/shelby/goWorkEnv/pkg/mod/github.com/gin-gonic/gin@v1.9.0/gin.go:620
github.com/gin-gonic/gin.(*Engine).ServeHTTP
	/Users/shelby/goWorkEnv/pkg/mod/github.com/gin-gonic/gin@v1.9.0/gin.go:576
net/http.serverHandler.ServeHTTP
	/opt/homebrew/opt/go/libexec/src/net/http/server.go:2936
net/http.(*conn).serve
	/opt/homebrew/opt/go/libexec/src/net/http/server.go:1995
2023-04-06T00:11:54.255+0800	INFO	middlewares/logger.go:31	/v1/user/updateUserInfo	{"statusxixixixi": 500, "method": "POST", "path": "/v1/user/updateUserInfo", "query": "", "ip": "127.0.0.1", "user-agent": "apifox/1.0.0 (https://www.apifox.cn)", "errors": "", "cost": "4.213375ms"}
2023-04-06T00:16:15.086+0800	ERROR	middlewares/logger.go:74	[Recovery from panic]	{"error": "parsing time \"00:17:37\" as \"2006-01-02T15:04:05Z07:00\": cannot parse \"00:17:37\" as \"2006\"", "request": "POST /v1/user/updateUserInfo HTTP/1.1\r\nHost: 127.0.0.1:8080\r\nAccept: */*\r\nAccept-Encoding: gzip, deflate, br\r\nConnection: keep-alive\r\nContent-Length: 184\r\nContent-Type: application/json\r\nToken: eyJhbGciOiJIUzI1NiIsInR5cCI6IkpXVCJ9.eyJJRCI6MiwiVGVsIjoiMTU2ODEzMTE5NzEiLCJBdXRob3JpdHlJZCI6MCwiZXhwIjoxNjgzMzAwNDk0LCJpc3MiOiJ0ZXN0IiwibmJmIjoxNjgwNzA4NDk0fQ.ncYmDiTB_G2KtPwoZngdwvlZc3TLSXT9g6mBZSyM60U\r\nUser-Agent: apifox/1.0.0 (https://www.apifox.cn)\r\n\r\n", "stack": "goroutine 37 [running]:\nruntime/debug.Stack()\n\t/opt/homebrew/opt/go/libexec/src/runtime/debug/stack.go:24 +0x64\ngoGinTem/middlewares.GinRecovery.func1.1()\n\t/Users/shelby/development/go/go_gin_tem/middlewares/logger.go:77 +0x25c\npanic({0x1051d4720, 0x140000a05f0})\n\t/opt/homebrew/opt/go/libexec/src/runtime/panic.go:884 +0x1f4\ngoGinTem/controller.UpdateUserInfo(0x14000202600)\n\t/Users/shelby/development/go/go_gin_tem/controller/user.go:109 +0x1b8\ngithub.com/gin-gonic/gin.(*Context).Next(...)\n\t/Users/shelby/goWorkEnv/pkg/mod/github.com/gin-gonic/gin@v1.9.0/context.go:174\ngoGinTem/middlewares.JWTAuth.func1(0x14000202600)\n\t/Users/shelby/development/go/go_gin_tem/middlewares/jwt.go:53 +0x26c\ngithub.com/gin-gonic/gin.(*Context).Next(...)\n\t/Users/shelby/goWorkEnv/pkg/mod/github.com/gin-gonic/gin@v1.9.0/context.go:174\ngoGinTem/middlewares.GinRecovery.func1(0x14000202600)\n\t/Users/shelby/development/go/go_gin_tem/middlewares/logger.go:88 +0x74\ngithub.com/gin-gonic/gin.(*Context).Next(...)\n\t/Users/shelby/goWorkEnv/pkg/mod/github.com/gin-gonic/gin@v1.9.0/context.go:174\ngoGinTem/middlewares.GinLogger.func1(0x14000202600)\n\t/Users/shelby/development/go/go_gin_tem/middlewares/logger.go:25 +0x84\ngithub.com/gin-gonic/gin.(*Context).Next(...)\n\t/Users/shelby/goWorkEnv/pkg/mod/github.com/gin-gonic/gin@v1.9.0/context.go:174\ngithub.com/gin-gonic/gin.CustomRecoveryWithWriter.func1(0x14000202600)\n\t/Users/shelby/goWorkEnv/pkg/mod/github.com/gin-gonic/gin@v1.9.0/recovery.go:102 +0x7c\ngithub.com/gin-gonic/gin.(*Context).Next(...)\n\t/Users/shelby/goWorkEnv/pkg/mod/github.com/gin-gonic/gin@v1.9.0/context.go:174\ngithub.com/gin-gonic/gin.LoggerWithConfig.func1(0x14000202600)\n\t/Users/shelby/goWorkEnv/pkg/mod/github.com/gin-gonic/gin@v1.9.0/logger.go:240 +0xac\ngithub.com/gin-gonic/gin.(*Context).Next(...)\n\t/Users/shelby/goWorkEnv/pkg/mod/github.com/gin-gonic/gin@v1.9.0/context.go:174\ngithub.com/gin-gonic/gin.(*Engine).handleHTTPRequest(0x14000082ea0, 0x14000202600)\n\t/Users/shelby/goWorkEnv/pkg/mod/github.com/gin-gonic/gin@v1.9.0/gin.go:620 +0x51c\ngithub.com/gin-gonic/gin.(*Engine).ServeHTTP(0x14000082ea0, {0x105291590?, 0x140001b6000}, 0x14000202400)\n\t/Users/shelby/goWorkEnv/pkg/mod/github.com/gin-gonic/gin@v1.9.0/gin.go:576 +0x1e4\nnet/http.serverHandler.ServeHTTP({0x10528fa28?}, {0x105291590, 0x140001b6000}, 0x14000202400)\n\t/opt/homebrew/opt/go/libexec/src/net/http/server.go:2936 +0x2c0\nnet/http.(*conn).serve(0x1400052a090, {0x105291ed8, 0x14000177b60})\n\t/opt/homebrew/opt/go/libexec/src/net/http/server.go:1995 +0x518\ncreated by net/http.(*Server).Serve\n\t/opt/homebrew/opt/go/libexec/src/net/http/server.go:3089 +0x4e8\n"}
goGinTem/middlewares.GinRecovery.func1.1
	/Users/shelby/development/go/go_gin_tem/middlewares/logger.go:74
runtime.gopanic
	/opt/homebrew/opt/go/libexec/src/runtime/panic.go:884
goGinTem/controller.UpdateUserInfo
	/Users/shelby/development/go/go_gin_tem/controller/user.go:109
github.com/gin-gonic/gin.(*Context).Next
	/Users/shelby/goWorkEnv/pkg/mod/github.com/gin-gonic/gin@v1.9.0/context.go:174
goGinTem/middlewares.JWTAuth.func1
	/Users/shelby/development/go/go_gin_tem/middlewares/jwt.go:53
github.com/gin-gonic/gin.(*Context).Next
	/Users/shelby/goWorkEnv/pkg/mod/github.com/gin-gonic/gin@v1.9.0/context.go:174
goGinTem/middlewares.GinRecovery.func1
	/Users/shelby/development/go/go_gin_tem/middlewares/logger.go:88
github.com/gin-gonic/gin.(*Context).Next
	/Users/shelby/goWorkEnv/pkg/mod/github.com/gin-gonic/gin@v1.9.0/context.go:174
goGinTem/middlewares.GinLogger.func1
	/Users/shelby/development/go/go_gin_tem/middlewares/logger.go:25
github.com/gin-gonic/gin.(*Context).Next
	/Users/shelby/goWorkEnv/pkg/mod/github.com/gin-gonic/gin@v1.9.0/context.go:174
github.com/gin-gonic/gin.CustomRecoveryWithWriter.func1
	/Users/shelby/goWorkEnv/pkg/mod/github.com/gin-gonic/gin@v1.9.0/recovery.go:102
github.com/gin-gonic/gin.(*Context).Next
	/Users/shelby/goWorkEnv/pkg/mod/github.com/gin-gonic/gin@v1.9.0/context.go:174
github.com/gin-gonic/gin.LoggerWithConfig.func1
	/Users/shelby/goWorkEnv/pkg/mod/github.com/gin-gonic/gin@v1.9.0/logger.go:240
github.com/gin-gonic/gin.(*Context).Next
	/Users/shelby/goWorkEnv/pkg/mod/github.com/gin-gonic/gin@v1.9.0/context.go:174
github.com/gin-gonic/gin.(*Engine).handleHTTPRequest
	/Users/shelby/goWorkEnv/pkg/mod/github.com/gin-gonic/gin@v1.9.0/gin.go:620
github.com/gin-gonic/gin.(*Engine).ServeHTTP
	/Users/shelby/goWorkEnv/pkg/mod/github.com/gin-gonic/gin@v1.9.0/gin.go:576
net/http.serverHandler.ServeHTTP
	/opt/homebrew/opt/go/libexec/src/net/http/server.go:2936
net/http.(*conn).serve
	/opt/homebrew/opt/go/libexec/src/net/http/server.go:1995
2023-04-06T00:16:15.088+0800	INFO	middlewares/logger.go:31	/v1/user/updateUserInfo	{"statusxixixixi": 500, "method": "POST", "path": "/v1/user/updateUserInfo", "query": "", "ip": "127.0.0.1", "user-agent": "apifox/1.0.0 (https://www.apifox.cn)", "errors": "", "cost": "3.472167ms"}
2023-04-06T00:17:20.122+0800	ERROR	middlewares/logger.go:74	[Recovery from panic]	{"error": "parsing time \"sadasd\" as \"2006-01-02T15:04:05Z07:00\": cannot parse \"sadasd\" as \"2006\"", "request": "POST /v1/user/updateUserInfo HTTP/1.1\r\nHost: 127.0.0.1:8080\r\nAccept: */*\r\nAccept-Encoding: gzip, deflate, br\r\nConnection: keep-alive\r\nContent-Length: 182\r\nContent-Type: application/json\r\nToken: eyJhbGciOiJIUzI1NiIsInR5cCI6IkpXVCJ9.eyJJRCI6MiwiVGVsIjoiMTU2ODEzMTE5NzEiLCJBdXRob3JpdHlJZCI6MCwiZXhwIjoxNjgzMzAwNDk0LCJpc3MiOiJ0ZXN0IiwibmJmIjoxNjgwNzA4NDk0fQ.ncYmDiTB_G2KtPwoZngdwvlZc3TLSXT9g6mBZSyM60U\r\nUser-Agent: apifox/1.0.0 (https://www.apifox.cn)\r\n\r\n", "stack": "goroutine 37 [running]:\nruntime/debug.Stack()\n\t/opt/homebrew/opt/go/libexec/src/runtime/debug/stack.go:24 +0x64\ngoGinTem/middlewares.GinRecovery.func1.1()\n\t/Users/shelby/development/go/go_gin_tem/middlewares/logger.go:77 +0x25c\npanic({0x1051d4720, 0x14000492b40})\n\t/opt/homebrew/opt/go/libexec/src/runtime/panic.go:884 +0x1f4\ngoGinTem/controller.UpdateUserInfo(0x1400069e400)\n\t/Users/shelby/development/go/go_gin_tem/controller/user.go:109 +0x1b8\ngithub.com/gin-gonic/gin.(*Context).Next(...)\n\t/Users/shelby/goWorkEnv/pkg/mod/github.com/gin-gonic/gin@v1.9.0/context.go:174\ngoGinTem/middlewares.JWTAuth.func1(0x1400069e400)\n\t/Users/shelby/development/go/go_gin_tem/middlewares/jwt.go:53 +0x26c\ngithub.com/gin-gonic/gin.(*Context).Next(...)\n\t/Users/shelby/goWorkEnv/pkg/mod/github.com/gin-gonic/gin@v1.9.0/context.go:174\ngoGinTem/middlewares.GinRecovery.func1(0x1400069e400)\n\t/Users/shelby/development/go/go_gin_tem/middlewares/logger.go:88 +0x74\ngithub.com/gin-gonic/gin.(*Context).Next(...)\n\t/Users/shelby/goWorkEnv/pkg/mod/github.com/gin-gonic/gin@v1.9.0/context.go:174\ngoGinTem/middlewares.GinLogger.func1(0x1400069e400)\n\t/Users/shelby/development/go/go_gin_tem/middlewares/logger.go:25 +0x84\ngithub.com/gin-gonic/gin.(*Context).Next(...)\n\t/Users/shelby/goWorkEnv/pkg/mod/github.com/gin-gonic/gin@v1.9.0/context.go:174\ngithub.com/gin-gonic/gin.CustomRecoveryWithWriter.func1(0x1400069e400)\n\t/Users/shelby/goWorkEnv/pkg/mod/github.com/gin-gonic/gin@v1.9.0/recovery.go:102 +0x7c\ngithub.com/gin-gonic/gin.(*Context).Next(...)\n\t/Users/shelby/goWorkEnv/pkg/mod/github.com/gin-gonic/gin@v1.9.0/context.go:174\ngithub.com/gin-gonic/gin.LoggerWithConfig.func1(0x1400069e400)\n\t/Users/shelby/goWorkEnv/pkg/mod/github.com/gin-gonic/gin@v1.9.0/logger.go:240 +0xac\ngithub.com/gin-gonic/gin.(*Context).Next(...)\n\t/Users/shelby/goWorkEnv/pkg/mod/github.com/gin-gonic/gin@v1.9.0/context.go:174\ngithub.com/gin-gonic/gin.(*Engine).handleHTTPRequest(0x14000082ea0, 0x1400069e400)\n\t/Users/shelby/goWorkEnv/pkg/mod/github.com/gin-gonic/gin@v1.9.0/gin.go:620 +0x51c\ngithub.com/gin-gonic/gin.(*Engine).ServeHTTP(0x14000082ea0, {0x105291590?, 0x140001601c0}, 0x1400069e200)\n\t/Users/shelby/goWorkEnv/pkg/mod/github.com/gin-gonic/gin@v1.9.0/gin.go:576 +0x1e4\nnet/http.serverHandler.ServeHTTP({0x10528fa28?}, {0x105291590, 0x140001601c0}, 0x1400069e200)\n\t/opt/homebrew/opt/go/libexec/src/net/http/server.go:2936 +0x2c0\nnet/http.(*conn).serve(0x1400052a090, {0x105291ed8, 0x14000177b60})\n\t/opt/homebrew/opt/go/libexec/src/net/http/server.go:1995 +0x518\ncreated by net/http.(*Server).Serve\n\t/opt/homebrew/opt/go/libexec/src/net/http/server.go:3089 +0x4e8\n"}
goGinTem/middlewares.GinRecovery.func1.1
	/Users/shelby/development/go/go_gin_tem/middlewares/logger.go:74
runtime.gopanic
	/opt/homebrew/opt/go/libexec/src/runtime/panic.go:884
goGinTem/controller.UpdateUserInfo
	/Users/shelby/development/go/go_gin_tem/controller/user.go:109
github.com/gin-gonic/gin.(*Context).Next
	/Users/shelby/goWorkEnv/pkg/mod/github.com/gin-gonic/gin@v1.9.0/context.go:174
goGinTem/middlewares.JWTAuth.func1
	/Users/shelby/development/go/go_gin_tem/middlewares/jwt.go:53
github.com/gin-gonic/gin.(*Context).Next
	/Users/shelby/goWorkEnv/pkg/mod/github.com/gin-gonic/gin@v1.9.0/context.go:174
goGinTem/middlewares.GinRecovery.func1
	/Users/shelby/development/go/go_gin_tem/middlewares/logger.go:88
github.com/gin-gonic/gin.(*Context).Next
	/Users/shelby/goWorkEnv/pkg/mod/github.com/gin-gonic/gin@v1.9.0/context.go:174
goGinTem/middlewares.GinLogger.func1
	/Users/shelby/development/go/go_gin_tem/middlewares/logger.go:25
github.com/gin-gonic/gin.(*Context).Next
	/Users/shelby/goWorkEnv/pkg/mod/github.com/gin-gonic/gin@v1.9.0/context.go:174
github.com/gin-gonic/gin.CustomRecoveryWithWriter.func1
	/Users/shelby/goWorkEnv/pkg/mod/github.com/gin-gonic/gin@v1.9.0/recovery.go:102
github.com/gin-gonic/gin.(*Context).Next
	/Users/shelby/goWorkEnv/pkg/mod/github.com/gin-gonic/gin@v1.9.0/context.go:174
github.com/gin-gonic/gin.LoggerWithConfig.func1
	/Users/shelby/goWorkEnv/pkg/mod/github.com/gin-gonic/gin@v1.9.0/logger.go:240
github.com/gin-gonic/gin.(*Context).Next
	/Users/shelby/goWorkEnv/pkg/mod/github.com/gin-gonic/gin@v1.9.0/context.go:174
github.com/gin-gonic/gin.(*Engine).handleHTTPRequest
	/Users/shelby/goWorkEnv/pkg/mod/github.com/gin-gonic/gin@v1.9.0/gin.go:620
github.com/gin-gonic/gin.(*Engine).ServeHTTP
	/Users/shelby/goWorkEnv/pkg/mod/github.com/gin-gonic/gin@v1.9.0/gin.go:576
net/http.serverHandler.ServeHTTP
	/opt/homebrew/opt/go/libexec/src/net/http/server.go:2936
net/http.(*conn).serve
	/opt/homebrew/opt/go/libexec/src/net/http/server.go:1995
2023-04-06T00:17:20.123+0800	INFO	middlewares/logger.go:31	/v1/user/updateUserInfo	{"statusxixixixi": 500, "method": "POST", "path": "/v1/user/updateUserInfo", "query": "", "ip": "127.0.0.1", "user-agent": "apifox/1.0.0 (https://www.apifox.cn)", "errors": "", "cost": "2.020083ms"}
2023-04-06T00:18:59.392+0800	ERROR	middlewares/logger.go:74	[Recovery from panic]	{"error": "parsing time \"sadasd\" as \"2006-01-02T15:04:05Z07:00\": cannot parse \"sadasd\" as \"2006\"", "request": "POST /v1/user/updateUserInfo HTTP/1.1\r\nHost: 127.0.0.1:8080\r\nAccept: */*\r\nAccept-Encoding: gzip, deflate, br\r\nConnection: keep-alive\r\nContent-Length: 182\r\nContent-Type: application/json\r\nToken: eyJhbGciOiJIUzI1NiIsInR5cCI6IkpXVCJ9.eyJJRCI6MiwiVGVsIjoiMTU2ODEzMTE5NzEiLCJBdXRob3JpdHlJZCI6MCwiZXhwIjoxNjgzMzAwNDk0LCJpc3MiOiJ0ZXN0IiwibmJmIjoxNjgwNzA4NDk0fQ.ncYmDiTB_G2KtPwoZngdwvlZc3TLSXT9g6mBZSyM60U\r\nUser-Agent: apifox/1.0.0 (https://www.apifox.cn)\r\n\r\n", "stack": "goroutine 23 [running]:\nruntime/debug.Stack()\n\t/opt/homebrew/opt/go/libexec/src/runtime/debug/stack.go:24 +0x64\ngoGinTem/middlewares.GinRecovery.func1.1()\n\t/Users/shelby/development/go/go_gin_tem/middlewares/logger.go:77 +0x25c\npanic({0x1058a8720, 0x1400007cb90})\n\t/opt/homebrew/opt/go/libexec/src/runtime/panic.go:884 +0x1f4\ngoGinTem/controller.UpdateUserInfo(0x1400045c300)\n\t/Users/shelby/development/go/go_gin_tem/controller/user.go:109 +0x1b8\ngithub.com/gin-gonic/gin.(*Context).Next(...)\n\t/Users/shelby/goWorkEnv/pkg/mod/github.com/gin-gonic/gin@v1.9.0/context.go:174\ngoGinTem/middlewares.JWTAuth.func1(0x1400045c300)\n\t/Users/shelby/development/go/go_gin_tem/middlewares/jwt.go:53 +0x26c\ngithub.com/gin-gonic/gin.(*Context).Next(...)\n\t/Users/shelby/goWorkEnv/pkg/mod/github.com/gin-gonic/gin@v1.9.0/context.go:174\ngoGinTem/middlewares.GinRecovery.func1(0x1400045c300)\n\t/Users/shelby/development/go/go_gin_tem/middlewares/logger.go:88 +0x74\ngithub.com/gin-gonic/gin.(*Context).Next(...)\n\t/Users/shelby/goWorkEnv/pkg/mod/github.com/gin-gonic/gin@v1.9.0/context.go:174\ngoGinTem/middlewares.GinLogger.func1(0x1400045c300)\n\t/Users/shelby/development/go/go_gin_tem/middlewares/logger.go:25 +0x84\ngithub.com/gin-gonic/gin.(*Context).Next(...)\n\t/Users/shelby/goWorkEnv/pkg/mod/github.com/gin-gonic/gin@v1.9.0/context.go:174\ngithub.com/gin-gonic/gin.CustomRecoveryWithWriter.func1(0x1400045c300)\n\t/Users/shelby/goWorkEnv/pkg/mod/github.com/gin-gonic/gin@v1.9.0/recovery.go:102 +0x7c\ngithub.com/gin-gonic/gin.(*Context).Next(...)\n\t/Users/shelby/goWorkEnv/pkg/mod/github.com/gin-gonic/gin@v1.9.0/context.go:174\ngithub.com/gin-gonic/gin.LoggerWithConfig.func1(0x1400045c300)\n\t/Users/shelby/goWorkEnv/pkg/mod/github.com/gin-gonic/gin@v1.9.0/logger.go:240 +0xac\ngithub.com/gin-gonic/gin.(*Context).Next(...)\n\t/Users/shelby/goWorkEnv/pkg/mod/github.com/gin-gonic/gin@v1.9.0/context.go:174\ngithub.com/gin-gonic/gin.(*Engine).handleHTTPRequest(0x1400040cb60, 0x1400045c300)\n\t/Users/shelby/goWorkEnv/pkg/mod/github.com/gin-gonic/gin@v1.9.0/gin.go:620 +0x51c\ngithub.com/gin-gonic/gin.(*Engine).ServeHTTP(0x1400040cb60, {0x105965590?, 0x1400010c1c0}, 0x1400045c100)\n\t/Users/shelby/goWorkEnv/pkg/mod/github.com/gin-gonic/gin@v1.9.0/gin.go:576 +0x1e4\nnet/http.serverHandler.ServeHTTP({0x105963a28?}, {0x105965590, 0x1400010c1c0}, 0x1400045c100)\n\t/opt/homebrew/opt/go/libexec/src/net/http/server.go:2936 +0x2c0\nnet/http.(*conn).serve(0x14000460090, {0x105965ed8, 0x14000125950})\n\t/opt/homebrew/opt/go/libexec/src/net/http/server.go:1995 +0x518\ncreated by net/http.(*Server).Serve\n\t/opt/homebrew/opt/go/libexec/src/net/http/server.go:3089 +0x4e8\n"}
goGinTem/middlewares.GinRecovery.func1.1
	/Users/shelby/development/go/go_gin_tem/middlewares/logger.go:74
runtime.gopanic
	/opt/homebrew/opt/go/libexec/src/runtime/panic.go:884
goGinTem/controller.UpdateUserInfo
	/Users/shelby/development/go/go_gin_tem/controller/user.go:109
github.com/gin-gonic/gin.(*Context).Next
	/Users/shelby/goWorkEnv/pkg/mod/github.com/gin-gonic/gin@v1.9.0/context.go:174
goGinTem/middlewares.JWTAuth.func1
	/Users/shelby/development/go/go_gin_tem/middlewares/jwt.go:53
github.com/gin-gonic/gin.(*Context).Next
	/Users/shelby/goWorkEnv/pkg/mod/github.com/gin-gonic/gin@v1.9.0/context.go:174
goGinTem/middlewares.GinRecovery.func1
	/Users/shelby/development/go/go_gin_tem/middlewares/logger.go:88
github.com/gin-gonic/gin.(*Context).Next
	/Users/shelby/goWorkEnv/pkg/mod/github.com/gin-gonic/gin@v1.9.0/context.go:174
goGinTem/middlewares.GinLogger.func1
	/Users/shelby/development/go/go_gin_tem/middlewares/logger.go:25
github.com/gin-gonic/gin.(*Context).Next
	/Users/shelby/goWorkEnv/pkg/mod/github.com/gin-gonic/gin@v1.9.0/context.go:174
github.com/gin-gonic/gin.CustomRecoveryWithWriter.func1
	/Users/shelby/goWorkEnv/pkg/mod/github.com/gin-gonic/gin@v1.9.0/recovery.go:102
github.com/gin-gonic/gin.(*Context).Next
	/Users/shelby/goWorkEnv/pkg/mod/github.com/gin-gonic/gin@v1.9.0/context.go:174
github.com/gin-gonic/gin.LoggerWithConfig.func1
	/Users/shelby/goWorkEnv/pkg/mod/github.com/gin-gonic/gin@v1.9.0/logger.go:240
github.com/gin-gonic/gin.(*Context).Next
	/Users/shelby/goWorkEnv/pkg/mod/github.com/gin-gonic/gin@v1.9.0/context.go:174
github.com/gin-gonic/gin.(*Engine).handleHTTPRequest
	/Users/shelby/goWorkEnv/pkg/mod/github.com/gin-gonic/gin@v1.9.0/gin.go:620
github.com/gin-gonic/gin.(*Engine).ServeHTTP
	/Users/shelby/goWorkEnv/pkg/mod/github.com/gin-gonic/gin@v1.9.0/gin.go:576
net/http.serverHandler.ServeHTTP
	/opt/homebrew/opt/go/libexec/src/net/http/server.go:2936
net/http.(*conn).serve
	/opt/homebrew/opt/go/libexec/src/net/http/server.go:1995
2023-04-06T00:18:59.392+0800	INFO	middlewares/logger.go:31	/v1/user/updateUserInfo	{"statusxixixixi": 500, "method": "POST", "path": "/v1/user/updateUserInfo", "query": "", "ip": "127.0.0.1", "user-agent": "apifox/1.0.0 (https://www.apifox.cn)", "errors": "", "cost": "1.759958ms"}
2023-04-06T00:20:04.143+0800	ERROR	middlewares/logger.go:74	[Recovery from panic]	{"error": "json: cannot unmarshal string into Go struct field UserInfo.role of type int", "request": "POST /v1/user/updateUserInfo HTTP/1.1\r\nHost: 127.0.0.1:8080\r\nAccept: */*\r\nAccept-Encoding: gzip, deflate, br\r\nConnection: keep-alive\r\nContent-Length: 156\r\nContent-Type: application/json\r\nToken: eyJhbGciOiJIUzI1NiIsInR5cCI6IkpXVCJ9.eyJJRCI6MiwiVGVsIjoiMTU2ODEzMTE5NzEiLCJBdXRob3JpdHlJZCI6MCwiZXhwIjoxNjgzMzAwNDk0LCJpc3MiOiJ0ZXN0IiwibmJmIjoxNjgwNzA4NDk0fQ.ncYmDiTB_G2KtPwoZngdwvlZc3TLSXT9g6mBZSyM60U\r\nUser-Agent: apifox/1.0.0 (https://www.apifox.cn)\r\n\r\n", "stack": "goroutine 28 [running]:\nruntime/debug.Stack()\n\t/opt/homebrew/opt/go/libexec/src/runtime/debug/stack.go:24 +0x64\ngoGinTem/middlewares.GinRecovery.func1.1()\n\t/Users/shelby/development/go/go_gin_tem/middlewares/logger.go:77 +0x25c\npanic({0x100e5e6c0, 0x1400045aff0})\n\t/opt/homebrew/opt/go/libexec/src/runtime/panic.go:884 +0x1f4\ngoGinTem/controller.UpdateUserInfo(0x140001b2600)\n\t/Users/shelby/development/go/go_gin_tem/controller/user.go:109 +0x1b8\ngithub.com/gin-gonic/gin.(*Context).Next(...)\n\t/Users/shelby/goWorkEnv/pkg/mod/github.com/gin-gonic/gin@v1.9.0/context.go:174\ngoGinTem/middlewares.JWTAuth.func1(0x140001b2600)\n\t/Users/shelby/development/go/go_gin_tem/middlewares/jwt.go:53 +0x26c\ngithub.com/gin-gonic/gin.(*Context).Next(...)\n\t/Users/shelby/goWorkEnv/pkg/mod/github.com/gin-gonic/gin@v1.9.0/context.go:174\ngoGinTem/middlewares.GinRecovery.func1(0x140001b2600)\n\t/Users/shelby/development/go/go_gin_tem/middlewares/logger.go:88 +0x74\ngithub.com/gin-gonic/gin.(*Context).Next(...)\n\t/Users/shelby/goWorkEnv/pkg/mod/github.com/gin-gonic/gin@v1.9.0/context.go:174\ngoGinTem/middlewares.GinLogger.func1(0x140001b2600)\n\t/Users/shelby/development/go/go_gin_tem/middlewares/logger.go:25 +0x84\ngithub.com/gin-gonic/gin.(*Context).Next(...)\n\t/Users/shelby/goWorkEnv/pkg/mod/github.com/gin-gonic/gin@v1.9.0/context.go:174\ngithub.com/gin-gonic/gin.CustomRecoveryWithWriter.func1(0x140001b2600)\n\t/Users/shelby/goWorkEnv/pkg/mod/github.com/gin-gonic/gin@v1.9.0/recovery.go:102 +0x7c\ngithub.com/gin-gonic/gin.(*Context).Next(...)\n\t/Users/shelby/goWorkEnv/pkg/mod/github.com/gin-gonic/gin@v1.9.0/context.go:174\ngithub.com/gin-gonic/gin.LoggerWithConfig.func1(0x140001b2600)\n\t/Users/shelby/goWorkEnv/pkg/mod/github.com/gin-gonic/gin@v1.9.0/logger.go:240 +0xac\ngithub.com/gin-gonic/gin.(*Context).Next(...)\n\t/Users/shelby/goWorkEnv/pkg/mod/github.com/gin-gonic/gin@v1.9.0/context.go:174\ngithub.com/gin-gonic/gin.(*Engine).handleHTTPRequest(0x140004811e0, 0x140001b2600)\n\t/Users/shelby/goWorkEnv/pkg/mod/github.com/gin-gonic/gin@v1.9.0/gin.go:620 +0x51c\ngithub.com/gin-gonic/gin.(*Engine).ServeHTTP(0x140004811e0, {0x100f21590?, 0x1400010e1c0}, 0x140001b2500)\n\t/Users/shelby/goWorkEnv/pkg/mod/github.com/gin-gonic/gin@v1.9.0/gin.go:576 +0x1e4\nnet/http.serverHandler.ServeHTTP({0x100f1fa28?}, {0x100f21590, 0x1400010e1c0}, 0x140001b2500)\n\t/opt/homebrew/opt/go/libexec/src/net/http/server.go:2936 +0x2c0\nnet/http.(*conn).serve(0x140000f4900, {0x100f21ed8, 0x14000163860})\n\t/opt/homebrew/opt/go/libexec/src/net/http/server.go:1995 +0x518\ncreated by net/http.(*Server).Serve\n\t/opt/homebrew/opt/go/libexec/src/net/http/server.go:3089 +0x4e8\n"}
goGinTem/middlewares.GinRecovery.func1.1
	/Users/shelby/development/go/go_gin_tem/middlewares/logger.go:74
runtime.gopanic
	/opt/homebrew/opt/go/libexec/src/runtime/panic.go:884
goGinTem/controller.UpdateUserInfo
	/Users/shelby/development/go/go_gin_tem/controller/user.go:109
github.com/gin-gonic/gin.(*Context).Next
	/Users/shelby/goWorkEnv/pkg/mod/github.com/gin-gonic/gin@v1.9.0/context.go:174
goGinTem/middlewares.JWTAuth.func1
	/Users/shelby/development/go/go_gin_tem/middlewares/jwt.go:53
github.com/gin-gonic/gin.(*Context).Next
	/Users/shelby/goWorkEnv/pkg/mod/github.com/gin-gonic/gin@v1.9.0/context.go:174
goGinTem/middlewares.GinRecovery.func1
	/Users/shelby/development/go/go_gin_tem/middlewares/logger.go:88
github.com/gin-gonic/gin.(*Context).Next
	/Users/shelby/goWorkEnv/pkg/mod/github.com/gin-gonic/gin@v1.9.0/context.go:174
goGinTem/middlewares.GinLogger.func1
	/Users/shelby/development/go/go_gin_tem/middlewares/logger.go:25
github.com/gin-gonic/gin.(*Context).Next
	/Users/shelby/goWorkEnv/pkg/mod/github.com/gin-gonic/gin@v1.9.0/context.go:174
github.com/gin-gonic/gin.CustomRecoveryWithWriter.func1
	/Users/shelby/goWorkEnv/pkg/mod/github.com/gin-gonic/gin@v1.9.0/recovery.go:102
github.com/gin-gonic/gin.(*Context).Next
	/Users/shelby/goWorkEnv/pkg/mod/github.com/gin-gonic/gin@v1.9.0/context.go:174
github.com/gin-gonic/gin.LoggerWithConfig.func1
	/Users/shelby/goWorkEnv/pkg/mod/github.com/gin-gonic/gin@v1.9.0/logger.go:240
github.com/gin-gonic/gin.(*Context).Next
	/Users/shelby/goWorkEnv/pkg/mod/github.com/gin-gonic/gin@v1.9.0/context.go:174
github.com/gin-gonic/gin.(*Engine).handleHTTPRequest
	/Users/shelby/goWorkEnv/pkg/mod/github.com/gin-gonic/gin@v1.9.0/gin.go:620
github.com/gin-gonic/gin.(*Engine).ServeHTTP
	/Users/shelby/goWorkEnv/pkg/mod/github.com/gin-gonic/gin@v1.9.0/gin.go:576
net/http.serverHandler.ServeHTTP
	/opt/homebrew/opt/go/libexec/src/net/http/server.go:2936
net/http.(*conn).serve
	/opt/homebrew/opt/go/libexec/src/net/http/server.go:1995
2023-04-06T00:20:04.145+0800	INFO	middlewares/logger.go:31	/v1/user/updateUserInfo	{"statusxixixixi": 500, "method": "POST", "path": "/v1/user/updateUserInfo", "query": "", "ip": "127.0.0.1", "user-agent": "apifox/1.0.0 (https://www.apifox.cn)", "errors": "", "cost": "3.364875ms"}
2023-04-06T00:21:08.615+0800	ERROR	middlewares/logger.go:74	[Recovery from panic]	{"error": "json: cannot unmarshal string into Go struct field UserInfo.role of type int", "request": "POST /v1/user/updateUserInfo HTTP/1.1\r\nHost: 127.0.0.1:8080\r\nAccept: */*\r\nAccept-Encoding: gzip, deflate, br\r\nConnection: keep-alive\r\nContent-Length: 146\r\nContent-Type: application/json\r\nToken: eyJhbGciOiJIUzI1NiIsInR5cCI6IkpXVCJ9.eyJJRCI6MiwiVGVsIjoiMTU2ODEzMTE5NzEiLCJBdXRob3JpdHlJZCI6MCwiZXhwIjoxNjgzMzAwNDk0LCJpc3MiOiJ0ZXN0IiwibmJmIjoxNjgwNzA4NDk0fQ.ncYmDiTB_G2KtPwoZngdwvlZc3TLSXT9g6mBZSyM60U\r\nUser-Agent: apifox/1.0.0 (https://www.apifox.cn)\r\n\r\n", "stack": "goroutine 28 [running]:\nruntime/debug.Stack()\n\t/opt/homebrew/opt/go/libexec/src/runtime/debug/stack.go:24 +0x64\ngoGinTem/middlewares.GinRecovery.func1.1()\n\t/Users/shelby/development/go/go_gin_tem/middlewares/logger.go:77 +0x25c\npanic({0x100e5e6c0, 0x140001560a0})\n\t/opt/homebrew/opt/go/libexec/src/runtime/panic.go:884 +0x1f4\ngoGinTem/controller.UpdateUserInfo(0x140000fc100)\n\t/Users/shelby/development/go/go_gin_tem/controller/user.go:109 +0x1b8\ngithub.com/gin-gonic/gin.(*Context).Next(...)\n\t/Users/shelby/goWorkEnv/pkg/mod/github.com/gin-gonic/gin@v1.9.0/context.go:174\ngoGinTem/middlewares.JWTAuth.func1(0x140000fc100)\n\t/Users/shelby/development/go/go_gin_tem/middlewares/jwt.go:53 +0x26c\ngithub.com/gin-gonic/gin.(*Context).Next(...)\n\t/Users/shelby/goWorkEnv/pkg/mod/github.com/gin-gonic/gin@v1.9.0/context.go:174\ngoGinTem/middlewares.GinRecovery.func1(0x140000fc100)\n\t/Users/shelby/development/go/go_gin_tem/middlewares/logger.go:88 +0x74\ngithub.com/gin-gonic/gin.(*Context).Next(...)\n\t/Users/shelby/goWorkEnv/pkg/mod/github.com/gin-gonic/gin@v1.9.0/context.go:174\ngoGinTem/middlewares.GinLogger.func1(0x140000fc100)\n\t/Users/shelby/development/go/go_gin_tem/middlewares/logger.go:25 +0x84\ngithub.com/gin-gonic/gin.(*Context).Next(...)\n\t/Users/shelby/goWorkEnv/pkg/mod/github.com/gin-gonic/gin@v1.9.0/context.go:174\ngithub.com/gin-gonic/gin.CustomRecoveryWithWriter.func1(0x140000fc100)\n\t/Users/shelby/goWorkEnv/pkg/mod/github.com/gin-gonic/gin@v1.9.0/recovery.go:102 +0x7c\ngithub.com/gin-gonic/gin.(*Context).Next(...)\n\t/Users/shelby/goWorkEnv/pkg/mod/github.com/gin-gonic/gin@v1.9.0/context.go:174\ngithub.com/gin-gonic/gin.LoggerWithConfig.func1(0x140000fc100)\n\t/Users/shelby/goWorkEnv/pkg/mod/github.com/gin-gonic/gin@v1.9.0/logger.go:240 +0xac\ngithub.com/gin-gonic/gin.(*Context).Next(...)\n\t/Users/shelby/goWorkEnv/pkg/mod/github.com/gin-gonic/gin@v1.9.0/context.go:174\ngithub.com/gin-gonic/gin.(*Engine).handleHTTPRequest(0x140004811e0, 0x140000fc100)\n\t/Users/shelby/goWorkEnv/pkg/mod/github.com/gin-gonic/gin@v1.9.0/gin.go:620 +0x51c\ngithub.com/gin-gonic/gin.(*Engine).ServeHTTP(0x140004811e0, {0x100f21590?, 0x14000382000}, 0x140000fc000)\n\t/Users/shelby/goWorkEnv/pkg/mod/github.com/gin-gonic/gin@v1.9.0/gin.go:576 +0x1e4\nnet/http.serverHandler.ServeHTTP({0x100f1fa28?}, {0x100f21590, 0x14000382000}, 0x140000fc000)\n\t/opt/homebrew/opt/go/libexec/src/net/http/server.go:2936 +0x2c0\nnet/http.(*conn).serve(0x140000f4900, {0x100f21ed8, 0x14000163860})\n\t/opt/homebrew/opt/go/libexec/src/net/http/server.go:1995 +0x518\ncreated by net/http.(*Server).Serve\n\t/opt/homebrew/opt/go/libexec/src/net/http/server.go:3089 +0x4e8\n"}
goGinTem/middlewares.GinRecovery.func1.1
	/Users/shelby/development/go/go_gin_tem/middlewares/logger.go:74
runtime.gopanic
	/opt/homebrew/opt/go/libexec/src/runtime/panic.go:884
goGinTem/controller.UpdateUserInfo
	/Users/shelby/development/go/go_gin_tem/controller/user.go:109
github.com/gin-gonic/gin.(*Context).Next
	/Users/shelby/goWorkEnv/pkg/mod/github.com/gin-gonic/gin@v1.9.0/context.go:174
goGinTem/middlewares.JWTAuth.func1
	/Users/shelby/development/go/go_gin_tem/middlewares/jwt.go:53
github.com/gin-gonic/gin.(*Context).Next
	/Users/shelby/goWorkEnv/pkg/mod/github.com/gin-gonic/gin@v1.9.0/context.go:174
goGinTem/middlewares.GinRecovery.func1
	/Users/shelby/development/go/go_gin_tem/middlewares/logger.go:88
github.com/gin-gonic/gin.(*Context).Next
	/Users/shelby/goWorkEnv/pkg/mod/github.com/gin-gonic/gin@v1.9.0/context.go:174
goGinTem/middlewares.GinLogger.func1
	/Users/shelby/development/go/go_gin_tem/middlewares/logger.go:25
github.com/gin-gonic/gin.(*Context).Next
	/Users/shelby/goWorkEnv/pkg/mod/github.com/gin-gonic/gin@v1.9.0/context.go:174
github.com/gin-gonic/gin.CustomRecoveryWithWriter.func1
	/Users/shelby/goWorkEnv/pkg/mod/github.com/gin-gonic/gin@v1.9.0/recovery.go:102
github.com/gin-gonic/gin.(*Context).Next
	/Users/shelby/goWorkEnv/pkg/mod/github.com/gin-gonic/gin@v1.9.0/context.go:174
github.com/gin-gonic/gin.LoggerWithConfig.func1
	/Users/shelby/goWorkEnv/pkg/mod/github.com/gin-gonic/gin@v1.9.0/logger.go:240
github.com/gin-gonic/gin.(*Context).Next
	/Users/shelby/goWorkEnv/pkg/mod/github.com/gin-gonic/gin@v1.9.0/context.go:174
github.com/gin-gonic/gin.(*Engine).handleHTTPRequest
	/Users/shelby/goWorkEnv/pkg/mod/github.com/gin-gonic/gin@v1.9.0/gin.go:620
github.com/gin-gonic/gin.(*Engine).ServeHTTP
	/Users/shelby/goWorkEnv/pkg/mod/github.com/gin-gonic/gin@v1.9.0/gin.go:576
net/http.serverHandler.ServeHTTP
	/opt/homebrew/opt/go/libexec/src/net/http/server.go:2936
net/http.(*conn).serve
	/opt/homebrew/opt/go/libexec/src/net/http/server.go:1995
2023-04-06T00:21:08.617+0800	INFO	middlewares/logger.go:31	/v1/user/updateUserInfo	{"statusxixixixi": 500, "method": "POST", "path": "/v1/user/updateUserInfo", "query": "", "ip": "127.0.0.1", "user-agent": "apifox/1.0.0 (https://www.apifox.cn)", "errors": "", "cost": "1.9625ms"}
